<?xml version="1.0" encoding="UTF-8"?>
<testsuite xmlns:xsi="http://www.w3.org/2001/XMLSchema-instance" xsi:noNamespaceSchemaLocation="https://maven.apache.org/surefire/maven-surefire-plugin/xsd/surefire-test-report.xsd" name="javaBadChees.AppTest" time="0.01" tests="1" errors="0" skipped="0" failures="0">
  <properties>
    <property name="java.specification.version" value="17"/>
    <property name="sun.jnu.encoding" value="UTF-8"/>
    <property name="java.class.path" value="/home/asynth/Documents/java-bad-chees/target/test-classes:/home/asynth/Documents/java-bad-chees/target/classes:/home/asynth/.m2/repository/junit/junit/4.11/junit-4.11.jar:/home/asynth/.m2/repository/org/hamcrest/hamcrest-core/1.3/hamcrest-core-1.3.jar:"/>
    <property name="java.vm.vendor" value="Oracle Corporation"/>
    <property name="sun.arch.data.model" value="64"/>
    <property name="java.vendor.url" value="https://openjdk.java.net/"/>
    <property name="os.name" value="Linux"/>
    <property name="java.vm.specification.version" value="17"/>
    <property name="sun.java.launcher" value="SUN_STANDARD"/>
    <property name="user.country" value="US"/>
    <property name="sun.boot.library.path" value="/nix/store/n7ckcm50qcfnb4m81y8xl0vhzcbnaidg-openjdk-17.0.7+7/lib/openjdk/lib"/>
    <property name="sun.java.command" value="/home/asynth/Documents/java-bad-chees/target/surefire/surefirebooter16179501419184002426.jar /home/asynth/Documents/java-bad-chees/target/surefire 2024-05-04T12-46-09_168-jvmRun1 surefire13186446501718347508tmp surefire_02128255846269822995tmp"/>
    <property name="jdk.debug" value="release"/>
    <property name="surefire.test.class.path" value="/home/asynth/Documents/java-bad-chees/target/test-classes:/home/asynth/Documents/java-bad-chees/target/classes:/home/asynth/.m2/repository/junit/junit/4.11/junit-4.11.jar:/home/asynth/.m2/repository/org/hamcrest/hamcrest-core/1.3/hamcrest-core-1.3.jar:"/>
    <property name="sun.cpu.endian" value="little"/>
    <property name="user.home" value="/home/asynth"/>
    <property name="user.language" value="en"/>
    <property name="java.specification.vendor" value="Oracle Corporation"/>
    <property name="java.version.date" value="2023-04-18"/>
    <property name="java.home" value="/nix/store/n7ckcm50qcfnb4m81y8xl0vhzcbnaidg-openjdk-17.0.7+7/lib/openjdk"/>
    <property name="file.separator" value="/"/>
    <property name="basedir" value="/home/asynth/Documents/java-bad-chees"/>
    <property name="java.vm.compressedOopsMode" value="Zero based"/>
    <property name="line.separator" value="&#10;"/>
    <property name="java.vm.specification.vendor" value="Oracle Corporation"/>
    <property name="java.specification.name" value="Java Platform API Specification"/>
    <property name="surefire.real.class.path" value="/home/asynth/Documents/java-bad-chees/target/surefire/surefirebooter16179501419184002426.jar"/>
    <property name="sun.management.compiler" value="HotSpot 64-Bit Tiered Compilers"/>
    <property name="java.runtime.version" value="17.0.7+7-nixos"/>
    <property name="user.name" value="asynth"/>
    <property name="path.separator" value=":"/>
    <property name="os.version" value="6.8.7"/>
    <property name="java.runtime.name" value="OpenJDK Runtime Environment"/>
    <property name="file.encoding" value="UTF-8"/>
    <property name="java.vm.name" value="OpenJDK 64-Bit Server VM"/>
    <property name="localRepository" value="/home/asynth/.m2/repository"/>
    <property name="java.vendor.url.bug" value="https://bugreport.java.com/bugreport/"/>
    <property name="java.io.tmpdir" value="/tmp"/>
    <property name="java.version" value="17.0.7"/>
    <property name="user.dir" value="/home/asynth/Documents/java-bad-chees"/>
    <property name="os.arch" value="amd64"/>
    <property name="java.vm.specification.name" value="Java Virtual Machine Specification"/>
    <property name="native.encoding" value="UTF-8"/>
    <property name="java.library.path" value="/nix/store/g29km1srdqrvyvlq7mnkkji4w1ay0i98-pipewire-1.0.5-jack/lib"/>
    <property name="java.vm.info" value="mixed mode, sharing"/>
    <property name="java.vendor" value="N/A"/>
    <property name="java.vm.version" value="17.0.7+7-nixos"/>
    <property name="sun.io.unicode.encoding" value="UnicodeLittle"/>
    <property name="java.class.version" value="61.0"/>
  </properties>
  <testcase name="shouldAnswerWithTrue" classname="javaBadChees.AppTest" time="0"/>
</testsuite>